0 info it worked if it ends with ok
1 verbose cli [ 'c:\\Program Files\\nodejs\\node.exe',
1 verbose cli   'C:\\Users\\nguyen.duc0912\\AppData\\Roaming\\npm\\node_modules\\npm\\bin\\npm-cli.js',
1 verbose cli   'run',
1 verbose cli   'lint' ]
2 info using npm@3.10.9
3 info using node@v7.4.0
4 verbose run-script [ 'prelint', 'lint', 'postlint' ]
5 info lifecycle complete-intro-to-react@1.0.0~prelint: complete-intro-to-react@1.0.0
6 silly lifecycle complete-intro-to-react@1.0.0~prelint: no script for prelint, continuing
7 info lifecycle complete-intro-to-react@1.0.0~lint: complete-intro-to-react@1.0.0
8 verbose lifecycle complete-intro-to-react@1.0.0~lint: unsafe-perm in lifecycle true
9 verbose lifecycle complete-intro-to-react@1.0.0~lint: PATH: C:\Users\nguyen.duc0912\AppData\Roaming\npm\node_modules\npm\bin\node-gyp-bin;c:\Users\nguyen.duc0912\frontentmasters_react_v2\node_modules\.bin;c:\Users\nguyen.duc0912\bin;.;C:\Program Files (x86)\Git\local\bin;C:\Program Files (x86)\Git\mingw\bin;C:\Program Files (x86)\Git\bin;C:\Program Files (x86)\Git\bin;c:\Program Files\Java\jdk1.8.0_20\bin;c:\ProgramData\Oracle\Java\javapath;c:\WINDOWS\System32\Wbem;c:\WINDOWS\system32;c:\WINDOWS;c:\WINDOWS\System32\WindowsPowerShell\v1.0\;c:\OpenCV2.0\bin;c:\Users\nguyen.duc0912\atlassian-plugin-sdk\bin;c:\NVPACK\android-sdk-windows\platform-tools;c:\NVPACK\android-sdk-windows\build-tools;c:\NVPACK\android-sdk-windows\tools;c:\NVPACK\jdk1.6.0_45\bin;c:\NVPACK\apache-ant-1.8.2\bin;c:\OpenCV2.0\lib;c:\OpenCV2.0;c:\Users\nguyen.duc0912\Downloads\opencv\build\x86\vc12\bin;%GSTREAMER_1_0_ROOT_X86%\bin;c:\Program Files (x86)\Windows Kits\8.1\Windows Performance Toolkit\;c:\Program Files (x86)\Microsoft SDKs\TypeScript\1.0\;%GSTREAMER_1_0_ROOT_X86%\bin;c:\Program Files (x86)\QuickTime\QTSystem\;c:\php;c:\ProgramData\ComposerSetup\bin;c:\HashiCorp\Vagrant\bin;c:\Program Files\Redis\;c:\Program Files (x86)\Skype\Phone\;c:\Users\nguyen.duc0912\AppData\Roaming\nvm;c:\Program Files\nodejs;c:\Cppcheck;c:\Program Files\Microsoft\Web Platform Installer\;c:\Program Files\nodejs\;c:\Python27;c:\RailsInstaller\Git\cmd;c:\RailsInstaller\Ruby2.2.0\bin;c:\Users\nguyen.duc0912\atlassian-plugin-sdk\bin;c:\NVPACK\android-sdk-windows\platform-tools;c:\NVPACK\android-sdk-windows\build-tools;c:\NVPACK\android-sdk-windows\tools;c:\NVPACK\jdk1.6.0_45\bin;c:\NVPACK\apache-ant-1.8.2\bin;c:\OpenCV2.0\lib;c:\OpenCV2.0;c:\Users\nguyen.duc0912\Downloads\opencv\build\x86\vc12\bin;c:\Users\nguyen.duc0912\AppData\Roaming\Composer\vendor\bin;c:\Users\nguyen.duc0912\AppData\Roaming\nvm;c:\Program Files\nodejs;c:\Program Files\mingw-w64\x86_64-6.2.0-posix-seh-rt_v5-rev1\mingw64\bin;c:\Cppcheck;c:\apache-maven-3.3.9\bin;c:\Users\nguyen.duc0912\AppData\Roaming\npm
10 verbose lifecycle complete-intro-to-react@1.0.0~lint: CWD: c:\Users\nguyen.duc0912\frontentmasters_react_v2
11 silly lifecycle complete-intro-to-react@1.0.0~lint: Args: [ '/d /s /c', 'standard' ]
12 silly lifecycle complete-intro-to-react@1.0.0~lint: Returned: code: 1  signal: null
13 info lifecycle complete-intro-to-react@1.0.0~lint: Failed to exec lint script
14 verbose stack Error: complete-intro-to-react@1.0.0 lint: `standard`
14 verbose stack Exit status 1
14 verbose stack     at EventEmitter.<anonymous> (C:\Users\nguyen.duc0912\AppData\Roaming\npm\node_modules\npm\lib\utils\lifecycle.js:255:16)
14 verbose stack     at emitTwo (events.js:106:13)
14 verbose stack     at EventEmitter.emit (events.js:191:7)
14 verbose stack     at ChildProcess.<anonymous> (C:\Users\nguyen.duc0912\AppData\Roaming\npm\node_modules\npm\lib\utils\spawn.js:40:14)
14 verbose stack     at emitTwo (events.js:106:13)
14 verbose stack     at ChildProcess.emit (events.js:191:7)
14 verbose stack     at maybeClose (internal/child_process.js:885:16)
14 verbose stack     at Process.ChildProcess._handle.onexit (internal/child_process.js:226:5)
15 verbose pkgid complete-intro-to-react@1.0.0
16 verbose cwd c:\Users\nguyen.duc0912\frontentmasters_react_v2
17 error Windows_NT 6.3.9600
18 error argv "c:\\Program Files\\nodejs\\node.exe" "C:\\Users\\nguyen.duc0912\\AppData\\Roaming\\npm\\node_modules\\npm\\bin\\npm-cli.js" "run" "lint"
19 error node v7.4.0
20 error npm  v3.10.9
21 error code ELIFECYCLE
22 error complete-intro-to-react@1.0.0 lint: `standard`
22 error Exit status 1
23 error Failed at the complete-intro-to-react@1.0.0 lint script 'standard'.
23 error Make sure you have the latest version of node.js and npm installed.
23 error If you do, this is most likely a problem with the complete-intro-to-react package,
23 error not with npm itself.
23 error Tell the author that this fails on your system:
23 error     standard
23 error You can get information on how to open an issue for this project with:
23 error     npm bugs complete-intro-to-react
23 error Or if that isn't available, you can get their info via:
23 error     npm owner ls complete-intro-to-react
23 error There is likely additional logging output above.
24 verbose exit [ 1, true ]
